component class has new with int

* plugins-scripts/Classes/BGP/Component/PeerSubsystem.pm
plugins-scripts/Classes/CheckPoint/Firewall1/Component/CpuSubsystem.pm
plugins-scripts/Classes/CheckPoint/Firewall1/Component/DiskSubsystem.pm
plugins-scripts/Classes/CheckPoint/Firewall1/Component/EnvironmentalSubsystem.pm
plugins-scripts/Classes/CheckPoint/Firewall1/Component/FanSubsystem.pm
plugins-scripts/Classes/CheckPoint/Firewall1/Component/FwSubsystem.pm
plugins-scripts/Classes/CheckPoint/Firewall1/Component/HaSubsystem.pm
plugins-scripts/Classes/CheckPoint/Firewall1/Component/MemSubsystem.pm
plugins-scripts/Classes/CheckPoint/Firewall1/Component/MngmtSubsystem.pm
plugins-scripts/Classes/CheckPoint/Firewall1/Component/SvnSubsystem.pm
plugins-scripts/Classes/CheckPoint/Firewall1/Component/TemperatureSubsystem.pm
plugins-scripts/Classes/CheckPoint/Firewall1/Component/VoltageSubsystem.pm
plugins-scripts/Classes/CheckPoint/Firewall1.pm
plugins-scripts/Classes/CheckPoint.pm
plugins-scripts/Classes/Cisco.pm
plugins-scripts/Classes/CiscoAsyncOS/Component/CpuSubsystem.pm
plugins-scripts/Classes/CiscoAsyncOS/Component/EnvironmentalSubsystem.pm
plugins-scripts/Classes/CiscoAsyncOS/Component/FanSubsystem.pm
plugins-scripts/Classes/CiscoAsyncOS/Component/KeySubsystem.pm
plugins-scripts/Classes/CiscoAsyncOS/Component/MemSubsystem.pm
plugins-scripts/Classes/CiscoAsyncOS/Component/RaidSubsystem.pm
plugins-scripts/Classes/CiscoAsyncOS/Component/SupplySubsystem.pm
plugins-scripts/Classes/CiscoAsyncOS/Component/TemperatureSubsystem.pm
plugins-scripts/Classes/CiscoAsyncOS.pm
plugins-scripts/Classes/CiscoIOS/Component/ConfigSubsystem.pm
plugins-scripts/Classes/CiscoIOS/Component/ConnectionSubsystem.pm
plugins-scripts/Classes/CiscoIOS/Component/CpuSubsystem.pm
plugins-scripts/Classes/CiscoIOS/Component/EnvironmentalSubsystem.pm
plugins-scripts/Classes/CiscoIOS/Component/FanSubsystem.pm
plugins-scripts/Classes/CiscoIOS/Component/MemSubsystem.pm
plugins-scripts/Classes/CiscoIOS/Component/SupplySubsystem.pm
plugins-scripts/Classes/CiscoIOS/Component/TemperatureSubsystem.pm
plugins-scripts/Classes/CiscoIOS/Component/VoltageSubsystem.pm
plugins-scripts/Classes/CiscoIOS.pm
plugins-scripts/Classes/CiscoNXOS/Component/CpuSubsystem.pm
plugins-scripts/Classes/CiscoNXOS/Component/EnvironmentalSubsystem.pm
plugins-scripts/Classes/CiscoNXOS/Component/MemSubsystem.pm
plugins-scripts/Classes/CiscoNXOS/Component/SensorSubsystem.pm
plugins-scripts/Classes/CiscoNXOS.pm
plugins-scripts/Classes/CiscoWLC/Component/CpuSubsystem.pm
plugins-scripts/Classes/CiscoWLC/Component/EnvironmentalSubsystem.pm
plugins-scripts/Classes/CiscoWLC/Component/FanSubsystem.pm
plugins-scripts/Classes/CiscoWLC/Component/MemSubsystem.pm
plugins-scripts/Classes/CiscoWLC/Component/SupplySubsystem.pm
plugins-scripts/Classes/CiscoWLC/Component/TemperatureSubsystem.pm
plugins-scripts/Classes/CiscoWLC/Component/VoltageSubsystem.pm
plugins-scripts/Classes/CiscoWLC/Component/WlanSubsystem.pm
plugins-scripts/Classes/CiscoWLC.pm
plugins-scripts/Classes/Device.pm
plugins-scripts/Classes/F5/F5BIGIP/Component/CpuSubsystem.pm
plugins-scripts/Classes/F5/F5BIGIP/Component/EnvironmentalSubsystem.pm
plugins-scripts/Classes/F5/F5BIGIP/Component/FanSubsystem.pm
plugins-scripts/Classes/F5/F5BIGIP/Component/LTM.pm
plugins-scripts/Classes/F5/F5BIGIP/Component/MemSubsystem.pm
plugins-scripts/Classes/F5/F5BIGIP/Component/PowersupplySubsystem.pm
plugins-scripts/Classes/F5/F5BIGIP/Component/TemperatureSubsystem.pm
plugins-scripts/Classes/F5/F5BIGIP.pm
plugins-scripts/Classes/F5.pm
*plugins-scripts/Classes/FabOS/Component/CpuSubsystem.pm
*plugins-scripts/Classes/FabOS/Component/EnvironmentalSubsystem.pm
plugins-scripts/Classes/FabOS/Component/MemSubsystem.pm
*plugins-scripts/Classes/FabOS/Component/SensorSubsystem.pm
plugins-scripts/Classes/FabOS.pm
plugins-scripts/Classes/FCEOS/Components/EnvironmentalSubsystem.pm
plugins-scripts/Classes/FCEOS/Components/FruSubsystem.pm
plugins-scripts/Classes/FCEOS.pm
plugins-scripts/Classes/FCMGMT/Component/EnvironmentalSubsystem.pm
plugins-scripts/Classes/FCMGMT/Component/SensorSubsystem.pm
plugins-scripts/Classes/FCMGMT.pm
plugins-scripts/Classes/Fortigate/Component/CpuSubsystem.pm
plugins-scripts/Classes/Fortigate/Component/DiskSubsystem.pm
plugins-scripts/Classes/Fortigate/Component/EnvironmentalSubsystem.pm
plugins-scripts/Classes/Fortigate/Component/MemSubsystem.pm
plugins-scripts/Classes/Fortigate/Component/SensorSubsystem.pm
plugins-scripts/Classes/Fortigate.pm
plugins-scripts/Classes/Foundry/Component/CpuSubsystem.pm
plugins-scripts/Classes/Foundry/Component/EnvironmentalSubsystem.pm
plugins-scripts/Classes/Foundry/Component/FanSubsystem.pm
plugins-scripts/Classes/Foundry/Component/MemSubsystem.pm
plugins-scripts/Classes/Foundry/Component/PowersupplySubsystem.pm
plugins-scripts/Classes/Foundry/Component/SLBSubsystem.pm
plugins-scripts/Classes/Foundry/Component/TemperatureSubsystem.pm
plugins-scripts/Classes/Foundry.pm
plugins-scripts/Classes/HOSTRESOURCESMIB/Component/CpuSubsystem.pm
plugins-scripts/Classes/HOSTRESOURCESMIB/Component/DiskSubsystem.pm
plugins-scripts/Classes/HOSTRESOURCESMIB/Component/EnvironmentalSubsystem.pm
plugins-scripts/Classes/HOSTRESOURCESMIB/Component/MemSubsystem.pm
plugins-scripts/Classes/HOSTRESOURCESMIB.pm
plugins-scripts/Classes/HP/Procurve/Component/CpuSubsystem.pm
plugins-scripts/Classes/HP/Procurve/Component/EnvironmentalSubsystem.pm
plugins-scripts/Classes/HP/Procurve/Component/MemSubsystem.pm
plugins-scripts/Classes/HP/Procurve/Component/SensorSubsystem.pm
plugins-scripts/Classes/HP/Procurve.pm
plugins-scripts/Classes/HP.pm
*plugins-scripts/Classes/HSRP/Component/HSRPSubsystem.pm
plugins-scripts/Classes/HSRP.pm
plugins-scripts/Classes/IFMIB/Component/InterfaceSubsystem.pm
plugins-scripts/Classes/IFMIB/Component/LinkAggregation.pm
plugins-scripts/Classes/IFMIB.pm
plugins-scripts/Classes/Juniper/IVE/Component/CpuSubsystem.pm
plugins-scripts/Classes/Juniper/IVE/Component/DiskSubsystem.pm
plugins-scripts/Classes/Juniper/IVE/Component/EnvironmentalSubsystem.pm
plugins-scripts/Classes/Juniper/IVE/Component/MemSubsystem.pm
plugins-scripts/Classes/Juniper/IVE/Component/UserSubsystem.pm
plugins-scripts/Classes/Juniper/IVE.pm
plugins-scripts/Classes/Juniper/NetScreen/Component/CpuSubsystem.pm
plugins-scripts/Classes/Juniper/NetScreen/Component/MemSubsystem.pm
plugins-scripts/Classes/Juniper/NetScreen.pm
plugins-scripts/Classes/Juniper.pm
plugins-scripts/Classes/MEOS.pm
plugins-scripts/Classes/MIBII.pm
plugins-scripts/Classes/MibsAndOids.pm
plugins-scripts/Classes/Nortel.pm
plugins-scripts/Classes/SecureOS.pm
plugins-scripts/Classes/UCDMIB/Components/CpuSubsystem.pm
plugins-scripts/Classes/UCDMIB/Components/MemSubsystem.pm
plugins-scripts/Classes/UCDMIB.pm
